Vivado Simulator 2020.1
Time resolution is 1 ps
At time:                    0, Output = 0
At time:                 1000, Output = 1
At time:                 2000, Output = 0
At time:                 3000, Output = 1
At time:                 4000, Output = 0
At time:                 5000, Output = 1
At time:                 6000, Output = 0
At time:                 7000, Output = 1
At time:                 8000, Output = 0
At time:                11000, Output = 1
At time:                16000, Output = 0
At time:                23000, Output = 1
At time:                24000, Output = 0
At time:                25000, Output = 1
At time:                26000, Output = 0
At time:                27000, Output = 1
At time:                28000, Output = 0
At time:                30000, Output = 1
At time:                32000, Output = 0
At time:                36000, Output = 1
At time:                40000, Output = 0
At time:                46000, Output = 1
At time:                48000, Output = 0
At time:                52000, Output = 1
At time:                54000, Output = 0
At time:                55000, Output = 1
At time:                56000, Output = 0
At time:                66000, Output = 1
At time:                68000, Output = 0
At time:                70000, Output = 1
At time:                72000, Output = 0
At time:                75000, Output = 1
At time:                80000, Output = 0
At time:                81000, Output = 1
At time:                84000, Output = 0
At time:                93000, Output = 1
At time:                96000, Output = 0
At time:               102000, Output = 1
At time:               110000, Output = 0
At time:               111000, Output = 1
At time:               114000, Output = 0
At time:               117000, Output = 1
At time:               120000, Output = 0
At time:               126000, Output = 1
At time:               130000, Output = 0
At time:               135000, Output = 1
At time:               136000, Output = 0
At time:               142000, Output = 1
At time:               144000, Output = 0
At time:               145000, Output = 1
At time:               154000, Output = 0
At time:               156000, Output = 1
At time:               160000, Output = 0
At time:               163000, Output = 1
At time:               164000, Output = 0
At time:               165000, Output = 1
At time:               170000, Output = 0
At time:               171000, Output = 1
At time:               176000, Output = 0
At time:               181000, Output = 1
At time:               182000, Output = 0
At time:               183000, Output = 1
At time:               184000, Output = 0
At time:               185000, Output = 1
At time:               186000, Output = 0
At time:               187000, Output = 1
At time:               192000, Output = 0
At time:               201000, Output = 1
At time:               202000, Output = 0
At time:               203000, Output = 1
At time:               204000, Output = 0
At time:               205000, Output = 1
At time:               206000, Output = 0
At time:               207000, Output = 1
At time:               208000, Output = 0
At time:               217000, Output = 1
At time:               220000, Output = 0
At time:               221000, Output = 1
At time:               222000, Output = 0
At time:               223000, Output = 1
At time:               224000, Output = 0
At time:               226000, Output = 1
At time:               228000, Output = 0
At time:               230000, Output = 1
At time:               231000, Output = 0
At time:               232000, Output = 1
At time:               238000, Output = 0
At time:               243000, Output = 1
At time:               244000, Output = 0
At time:               246000, Output = 1
At time:               248000, Output = 0
At time:               259000, Output = 1
At time:               260000, Output = 0
At time:               261000, Output = 1
At time:               264000, Output = 0
At time:               266000, Output = 1
At time:               268000, Output = 0
At time:               273000, Output = 1
At time:               279000, Output = 0
At time:               282000, Output = 1
At time:               288000, Output = 0
At time:               289000, Output = 1
At time:               290000, Output = 0
At time:               291000, Output = 1
At time:               294000, Output = 0
At time:               297000, Output = 1
At time:               300000, Output = 0
At time:               306000, Output = 1
At time:               308000, Output = 0
At time:               309000, Output = 1
At time:               312000, Output = 0
At time:               316000, Output = 1
At time:               324000, Output = 0
At time:               325000, Output = 1
At time:               330000, Output = 0
At time:               333000, Output = 1
At time:               336000, Output = 0
At time:               345000, Output = 1
At time:               350000, Output = 0
At time:               351000, Output = 1
At time:               352000, Output = 0
At time:               356000, Output = 1
At time:               360000, Output = 0
At time:               361000, Output = 1
At time:               362000, Output = 0
At time:               365000, Output = 1
At time:               370000, Output = 0
At time:               374000, Output = 1
At time:               376000, Output = 0
At time:               381000, Output = 1
At time:               382000, Output = 0
At time:               383000, Output = 1
At time:               384000, Output = 0
At time:               385000, Output = 1
At time:               387000, Output = 0
At time:               392000, Output = 1
At time:               396000, Output = 0
At time:               399000, Output = 1
At time:               400000, Output = 0
At time:               401000, Output = 1
At time:               402000, Output = 0
At time:               403000, Output = 1
At time:               404000, Output = 0
At time:               406000, Output = 1
At time:               408000, Output = 0
At time:               410000, Output = 1
At time:               420000, Output = 0
At time:               421000, Output = 1
At time:               422000, Output = 0
At time:               423000, Output = 1
At time:               424000, Output = 0
At time:               426000, Output = 1
At time:               428000, Output = 0
At time:               429000, Output = 1
At time:               434000, Output = 0
At time:               442000, Output = 1
At time:               444000, Output = 0
At time:               446000, Output = 1
At time:               448000, Output = 0
At time:               455000, Output = 1
At time:               460000, Output = 0
At time:               462000, Output = 1
At time:               464000, Output = 0
At time:               466000, Output = 1
At time:               468000, Output = 0
At time:               469000, Output = 1
At time:               470000, Output = 0
At time:               471000, Output = 1
At time:               476000, Output = 0
At time:               477000, Output = 1
At time:               480000, Output = 0
At time:               487000, Output = 1
At time:               488000, Output = 0
At time:               489000, Output = 1
At time:               492000, Output = 0
At time:               495000, Output = 1
At time:               496000, Output = 0
$finish called at time : 500 ns : File "C:/Users/deniz/Desktop/Bilkent/CS 223-224/Cs223_Labs/Lab3/Lab3.srcs/sim_1/new/testbench_mux8to1.sv" Line 35
