#-----------------------------------------------------------
# Vivado v2020.1 (64-bit)
# SW Build 2902540 on Wed May 27 19:54:49 MDT 2020
# IP Build 2902112 on Wed May 27 22:43:36 MDT 2020
# Start of session at: Wed Oct 21 12:41:24 2020
# Process ID: 18972
# Current directory: C:/Users/deniz/Desktop/Bilkent/CS 223-224/Cs223_Labs/Lab2
# Command line: vivado.exe -gui_launcher_event rodinguilauncherevent3800 C:\Users\deniz\Desktop\Bilkent\CS 223-224\Cs223_Labs\Lab2\Lab2.xpr
# Log file: C:/Users/deniz/Desktop/Bilkent/CS 223-224/Cs223_Labs/Lab2/vivado.log
# Journal file: C:/Users/deniz/Desktop/Bilkent/CS 223-224/Cs223_Labs/Lab2\vivado.jou
#-----------------------------------------------------------
start_gui
open_project {C:/Users/deniz/Desktop/Bilkent/CS 223-224/Cs223_Labs/Lab2/Lab2.xpr}
INFO: [Project 1-313] Project file moved from 'C:/Users/deniz/Desktop/Bilkent/CS 223-224/Lab2' since last save.
WARNING: [Project 1-312] File not found as 'C:/Users/deniz/Desktop/Bilkent/CS 223-224/Cs223_Labs/Basys3.xdc'; using path 'C:/Users/deniz/Desktop/Bilkent/CS 223-224/Basys3.xdc' instead.
Scanning sources...
Finished scanning sources
WARNING: [Project 1-312] File not found as 'C:/Users/deniz/Desktop/Bilkent/CS 223-224/Cs223_Labs/Basys3.xdc'; using path 'C:/Users/deniz/Desktop/Bilkent/CS 223-224/Basys3.xdc' instead.
WARNING: [Project 1-312] File not found as 'C:/Users/deniz/Desktop/Bilkent/CS 223-224/Cs223_Labs/Basys3.xdc'; using path 'C:/Users/deniz/Desktop/Bilkent/CS 223-224/Basys3.xdc' instead.
INFO: [IP_Flow 19-234] Refreshing IP repositories
INFO: [IP_Flow 19-1704] No user IP repositories specified
INFO: [IP_Flow 19-2313] Loaded Vivado IP repository 'C:/Xilinx/Vivado/2020.1/data/ip'.
open_project: Time (s): cpu = 00:00:16 ; elapsed = 00:00:06 . Memory (MB): peak = 1027.461 ; gain = 0.000
update_compile_order -fileset sources_1
exit
INFO: [Common 17-206] Exiting Vivado at Wed Oct 21 12:42:30 2020...
