#-----------------------------------------------------------
# Vivado v2020.1 (64-bit)
# SW Build 2902540 on Wed May 27 19:54:49 MDT 2020
# IP Build 2902112 on Wed May 27 22:43:36 MDT 2020
# Start of session at: Sat Nov 28 22:50:19 2020
# Process ID: 23000
# Current directory: C:/Users/deniz/Desktop/Bilkent/CS 223-224/Cs223_Labs/Lab3
# Command line: vivado.exe -gui_launcher_event rodinguilauncherevent17040 C:\Users\deniz\Desktop\Bilkent\CS 223-224\Cs223_Labs\Lab3\Lab3.xpr
# Log file: C:/Users/deniz/Desktop/Bilkent/CS 223-224/Cs223_Labs/Lab3/vivado.log
# Journal file: C:/Users/deniz/Desktop/Bilkent/CS 223-224/Cs223_Labs/Lab3\vivado.jou
#-----------------------------------------------------------
start_gui
open_project {C:/Users/deniz/Desktop/Bilkent/CS 223-224/Cs223_Labs/Lab3/Lab3.xpr}
Scanning sources...
Finished scanning sources
INFO: [IP_Flow 19-234] Refreshing IP repositories
INFO: [IP_Flow 19-1704] No user IP repositories specified
INFO: [IP_Flow 19-2313] Loaded Vivado IP repository 'C:/Xilinx/Vivado/2020.1/data/ip'.
open_project: Time (s): cpu = 00:00:23 ; elapsed = 00:00:10 . Memory (MB): peak = 1025.910 ; gain = 0.000
update_compile_order -fileset sources_1
exit
INFO: [Common 17-206] Exiting Vivado at Sat Nov 28 23:10:07 2020...
